#0 building with "default" instance using docker driver

#1 [internal] load .dockerignore
#1 transferring context: 2B done
#1 DONE 0.0s

#2 [internal] load build definition from Dockerfile
#2 transferring dockerfile: 2.14kB 0.0s done
#2 DONE 0.0s

#3 [internal] load metadata for docker.io/library/alpine:3.18
#3 ...

#4 [auth] library/alpine:pull token for registry-1.docker.io
#4 DONE 0.0s

#3 [internal] load metadata for docker.io/library/alpine:3.18
#3 DONE 2.2s

#5 [internal] load build context
#5 transferring context: 11.59kB done
#5 DONE 0.0s

#6 [1/6] FROM docker.io/library/alpine:3.18@sha256:eece025e432126ce23f223450a0326fbebde39cdf496a85d8c016293fc851978
#6 resolve docker.io/library/alpine:3.18@sha256:eece025e432126ce23f223450a0326fbebde39cdf496a85d8c016293fc851978 0.0s done
#6 sha256:8ca4688f4f356596b5ae539337c9941abc78eda10021d35cbc52659c74d9b443 1.47kB / 1.47kB done
#6 sha256:eece025e432126ce23f223450a0326fbebde39cdf496a85d8c016293fc851978 1.64kB / 1.64kB done
#6 sha256:48d9183eb12a05c99bcc0bf44a003607b8e941e1d4f41f9ad12bdcc4b5672f86 528B / 528B done
#6 DONE 0.0s

#7 [2/6] RUN apk add --update --no-cache             gettext             gzip             openldap=2.6.5-r0             openldap-clients             openldap-back-mdb             openldap-passwd-pbkdf2             openldap-passwd-argon2             openldap-passwd-sha2             openldap-overlay-auditlog             openldap-overlay-memberof             openldap-overlay-ppolicy             openldap-overlay-refint             ca-certificates
#7 0.215 fetch https://dl-cdn.alpinelinux.org/alpine/v3.18/main/x86_64/APKINDEX.tar.gz
#7 0.771 fetch https://dl-cdn.alpinelinux.org/alpine/v3.18/community/x86_64/APKINDEX.tar.gz
#7 1.082 (1/29) Installing ca-certificates (20230506-r0)
#7 1.134 (2/29) Installing libintl (0.21.1-r7)
#7 1.164 (3/29) Installing gettext-envsubst (0.21.1-r7)
#7 1.206 (4/29) Installing libgomp (12.2.1_git20220924-r10)
#7 1.247 (5/29) Installing ncurses-terminfo-base (6.4_p20230506-r0)
#7 1.278 (6/29) Installing libncursesw (6.4_p20230506-r0)
#7 1.320 (7/29) Installing libunistring (1.1-r1)
#7 1.400 (8/29) Installing gettext-libs (0.21.1-r7)
#7 1.456 (9/29) Installing xz-libs (5.4.3-r0)
#7 1.494 (10/29) Installing libxml2 (2.11.4-r0)
#7 1.563 (11/29) Installing gettext (0.21.1-r7)
#7 1.636 (12/29) Installing less (633-r0)
#7 1.673 (13/29) Installing gzip (1.12-r1)
#7 1.707 (14/29) Installing gdbm (1.23-r1)
#7 1.738 (15/29) Installing libsasl (2.1.28-r4)
#7 1.773 (16/29) Installing libldap (2.6.5-r0)
#7 1.816 (17/29) Installing libltdl (2.4.7-r2)
#7 1.846 (18/29) Installing libuuid (2.38.1-r8)
#7 1.874 (19/29) Installing openldap (2.6.5-r0)
#7 1.913 Executing openldap-2.6.5-r0.pre-install
#7 1.952 Executing openldap-2.6.5-r0.post-install
#7 1.954 *
#7 1.954 * To use LDAP server, you have to install some backend. Most users would need MDB
#7 1.954 * backend which you can install with: apk add openldap-back-mdb.
#7 1.954 *
#7 1.954 * If you use overlays, you have to install them separately too:
#7 1.954 * apk add openldap-overlay-<name>, or openldap-overlay-all to install them all.
#7 1.954 *
#7 1.954 (20/29) Installing openldap-back-mdb (2.6.5-r0)
#7 1.993 (21/29) Installing openldap-clients (2.6.5-r0)
#7 2.044 (22/29) Installing openldap-overlay-auditlog (2.6.5-r0)
#7 2.071 (23/29) Installing openldap-overlay-memberof (2.6.5-r0)
#7 2.100 (24/29) Installing openldap-overlay-ppolicy (2.6.5-r0)
#7 2.129 (25/29) Installing openldap-overlay-refint (2.6.5-r0)
#7 2.158 (26/29) Installing argon2-libs (20190702-r4)
#7 2.186 (27/29) Installing openldap-passwd-argon2 (2.6.5-r0)
#7 2.214 (28/29) Installing openldap-passwd-pbkdf2 (2.6.5-r0)
#7 2.242 (29/29) Installing openldap-passwd-sha2 (2.6.5-r0)
#7 2.271 Executing busybox-1.36.1-r2.trigger
#7 2.277 Executing ca-certificates-20230506-r0.trigger
#7 2.318 OK: 18 MiB in 44 packages
#7 DONE 2.5s

#8 [3/6] RUN rm -rf /var/cache/apk/*
#8 DONE 0.4s

#9 [4/6] COPY slapd.conf /root/
#9 DONE 0.0s

#10 [5/6] COPY ldif/ /root/ldif/
#10 DONE 0.0s

#11 [6/6] COPY entrypoint.sh /usr/local/bin/
#11 DONE 0.0s

#12 exporting to image
#12 exporting layers
#12 exporting layers 0.1s done
#12 writing image sha256:7efa808f4cbfcbb7506c715ff9cc3a9b4222159536df619c4ac0dba85687d61b done
#12 naming to docker.io/johann8/alpine-openldap:0.0.4 done
#12 DONE 0.1s
